<?xml version="1.0" encoding="UTF-8"?>
<testng-results ignored="0" total="4" passed="4" failed="0" skipped="0">
  <reporter-output>
  </reporter-output>
  <suite started-at="2023-12-27T20:26:08 IST" name="Default suite" finished-at="2023-12-27T20:26:16 IST" duration-ms="8329">
    <groups>
      <group name="cucumber">
        <method signature="AbstractTestNGCucumberTests.runScenario(io.cucumber.testng.PickleWrapper,io.cucumber.testng.FeatureWrapper)[pri:0, instance:runner.TestRunner@221a3fa4]" name="runScenario" class="io.cucumber.testng.AbstractTestNGCucumberTests"/>
      </group> <!-- cucumber -->
    </groups>
    <test started-at="2023-12-27T20:26:08 IST" name="Default test" finished-at="2023-12-27T20:26:16 IST" duration-ms="8329">
      <class name="runner.TestRunner">
        <test-method is-config="true" signature="InitializeWebDriver()[pri:0, instance:runner.TestRunner@221a3fa4]" started-at="2023-12-27T20:26:08 IST" name="InitializeWebDriver" finished-at="2023-12-27T20:26:10 IST" duration-ms="2234" status="PASS">
          <reporter-output>
          </reporter-output>
        </test-method> <!-- InitializeWebDriver -->
        <test-method is-config="true" signature="setUpClass(org.testng.ITestContext)[pri:0, instance:runner.TestRunner@221a3fa4]" started-at="2023-12-27T20:26:10 IST" name="setUpClass" finished-at="2023-12-27T20:26:10 IST" duration-ms="248" status="PASS">
          <params>
            <param index="0">
              <value>
                <![CDATA[org.testng.TestRunner@4cffcc61]]>
              </value>
            </param>
          </params>
          <reporter-output>
          </reporter-output>
        </test-method> <!-- setUpClass -->
        <test-method signature="runScenario(io.cucumber.testng.PickleWrapper,io.cucumber.testng.FeatureWrapper)[pri:0, instance:runner.TestRunner@221a3fa4]" started-at="2023-12-27T20:26:10 IST" name="runScenario" description="Runs Cucumber Scenarios" data-provider="scenarios" finished-at="2023-12-27T20:26:15 IST" duration-ms="4259" status="PASS">
          <params>
            <param index="0">
              <value>
                <![CDATA["User is able to login to the application"]]>
              </value>
            </param>
            <param index="1">
              <value>
                <![CDATA["Saucedemo Practice"]]>
              </value>
            </param>
          </params>
          <reporter-output>
          </reporter-output>
        </test-method> <!-- runScenario -->
        <test-method signature="runScenario(io.cucumber.testng.PickleWrapper,io.cucumber.testng.FeatureWrapper)[pri:0, instance:runner.TestRunner@221a3fa4]" started-at="2023-12-27T20:26:15 IST" name="runScenario" description="Runs Cucumber Scenarios" data-provider="scenarios" finished-at="2023-12-27T20:26:15 IST" duration-ms="632" status="PASS">
          <params>
            <param index="0">
              <value>
                <![CDATA["User is able to login to the application"]]>
              </value>
            </param>
            <param index="1">
              <value>
                <![CDATA["Saucedemo Practice"]]>
              </value>
            </param>
          </params>
          <reporter-output>
          </reporter-output>
        </test-method> <!-- runScenario -->
        <test-method signature="runScenario(io.cucumber.testng.PickleWrapper,io.cucumber.testng.FeatureWrapper)[pri:0, instance:runner.TestRunner@221a3fa4]" started-at="2023-12-27T20:26:15 IST" name="runScenario" description="Runs Cucumber Scenarios" data-provider="scenarios" finished-at="2023-12-27T20:26:16 IST" duration-ms="397" status="PASS">
          <params>
            <param index="0">
              <value>
                <![CDATA["User is able to login to the application"]]>
              </value>
            </param>
            <param index="1">
              <value>
                <![CDATA["Saucedemo Practice"]]>
              </value>
            </param>
          </params>
          <reporter-output>
          </reporter-output>
        </test-method> <!-- runScenario -->
        <test-method signature="runScenario(io.cucumber.testng.PickleWrapper,io.cucumber.testng.FeatureWrapper)[pri:0, instance:runner.TestRunner@221a3fa4]" started-at="2023-12-27T20:26:16 IST" name="runScenario" description="Runs Cucumber Scenarios" data-provider="scenarios" finished-at="2023-12-27T20:26:16 IST" duration-ms="245" status="PASS">
          <params>
            <param index="0">
              <value>
                <![CDATA["User is able to login to the application"]]>
              </value>
            </param>
            <param index="1">
              <value>
                <![CDATA["Saucedemo Practice"]]>
              </value>
            </param>
          </params>
          <reporter-output>
          </reporter-output>
        </test-method> <!-- runScenario -->
        <test-method is-config="true" signature="tearDownClass()[pri:0, instance:runner.TestRunner@221a3fa4]" started-at="2023-12-27T20:26:16 IST" name="tearDownClass" finished-at="2023-12-27T20:26:16 IST" duration-ms="1" status="PASS">
          <reporter-output>
          </reporter-output>
        </test-method> <!-- tearDownClass -->
        <test-method is-config="true" signature="CloseWebDriver()[pri:0, instance:runner.TestRunner@221a3fa4]" started-at="2023-12-27T20:26:16 IST" name="CloseWebDriver" finished-at="2023-12-27T20:26:16 IST" duration-ms="257" status="PASS">
          <reporter-output>
          </reporter-output>
        </test-method> <!-- CloseWebDriver -->
      </class> <!-- runner.TestRunner -->
    </test> <!-- Default test -->
  </suite> <!-- Default suite -->
</testng-results>
